2025-03-31 16:28:47,074 - INFO - 价格分布图绘制成功
2025-03-31 16:28:48,189 - INFO - 评分 vs 价格图绘制成功
2025-03-31 16:45:20,644 - INFO - 价格分布图绘制成功
2025-03-31 16:45:22,141 - INFO - 评分 vs 价格图绘制成功
2025-03-31 20:48:50,013 - INFO - 价格分布图绘制成功
2025-03-31 20:48:51,240 - INFO - 评分 vs 价格散点图绘制成功
2025-03-31 20:48:52,659 - INFO - 评分分布图绘制成功
2025-03-31 20:48:53,996 - INFO - 评论数与评分散点图绘制成功
2025-04-01 10:31:34,691 - INFO - 价格分布图绘制成功
2025-04-01 10:31:35,773 - INFO - 评分 vs 价格散点图绘制成功
2025-04-01 10:31:36,630 - INFO - 评分分布图绘制成功
2025-04-01 10:31:37,469 - INFO - 评论数与评分散点图绘制成功
2025-04-01 10:47:33,411 - ERROR - 从表 book 读取数据失败: (pymysql.err.ProgrammingError) (1146, "Table 'amazon_data.book' doesn't exist")
[SQL: SELECT * FROM book]
(Background on this error at: https://sqlalche.me/e/20/f405)
2025-04-01 14:14:38,892 - INFO - 价格分布图绘制成功
2025-04-01 14:14:39,952 - INFO - 评分 vs 价格散点图绘制成功
2025-04-01 14:14:40,777 - INFO - 评分分布图绘制成功
2025-04-01 14:14:41,672 - INFO - 评论数与评分散点图绘制成功
2025-04-01 14:15:57,352 - INFO - 价格分布图绘制成功
2025-04-01 14:15:58,360 - INFO - 评分 vs 价格散点图绘制成功
2025-04-01 14:15:59,268 - INFO - 评分分布图绘制成功
2025-04-01 14:15:59,991 - INFO - 评论数与评分散点图绘制成功
2025-04-01 14:25:23,567 - INFO - 价格分布图绘制成功
2025-04-01 14:25:24,395 - INFO - 评分 vs 价格散点图绘制成功
2025-04-01 14:25:25,265 - INFO - 评分分布图绘制成功
2025-04-01 14:25:25,969 - INFO - 评论数与评分散点图绘制成功
2025-04-01 14:31:46,314 - INFO - 价格分布图已保存
2025-04-01 14:31:46,437 - INFO - 评分 vs 价格散点图已保存
2025-04-01 14:31:46,560 - INFO - 评分分布图已保存
2025-04-01 14:31:46,679 - INFO - 评论数与评分散点图已保存
2025-04-01 14:32:41,804 - INFO - 价格分布图已保存
2025-04-01 14:32:41,934 - INFO - 评分 vs 价格散点图已保存
2025-04-01 14:32:42,052 - INFO - 评分分布图已保存
2025-04-01 14:32:42,174 - INFO - 评论数与评分散点图已保存
2025-04-01 14:37:37,044 - ERROR - 从表 book 读取数据失败: (pymysql.err.ProgrammingError) (1146, "Table 'amazon_data.book' doesn't exist")
[SQL: SELECT * FROM book]
(Background on this error at: https://sqlalche.me/e/20/f405)
2025-04-01 14:39:25,747 - ERROR - 从表 book 读取数据失败: (pymysql.err.ProgrammingError) (1146, "Table 'amazon_data.book' doesn't exist")
[SQL: SELECT * FROM book]
(Background on this error at: https://sqlalche.me/e/20/f405)
2025-04-01 14:41:03,962 - ERROR - 从表 book 读取数据失败: (pymysql.err.ProgrammingError) (1146, "Table 'amazon_data.book' doesn't exist")
[SQL: SELECT * FROM book]
(Background on this error at: https://sqlalche.me/e/20/f405)
2025-04-01 20:37:09,725 - INFO - 价格分布图绘制成功
2025-04-01 20:37:10,629 - INFO - 评分 vs 价格散点图绘制成功
2025-04-01 20:37:11,479 - INFO - 评分分布图绘制成功
2025-04-01 20:37:12,616 - INFO - 评论数与评分散点图绘制成功
2025-04-01 20:41:46,838 - INFO - 价格分布图已保存
2025-04-01 20:41:46,978 - INFO - 评分 vs 价格散点图已保存
2025-04-01 20:41:47,129 - INFO - 评分分布图已保存
2025-04-01 20:41:47,263 - INFO - 评论数与评分散点图已保存
2025-04-01 20:44:33,061 - INFO - huawei 价格分布图已保存
2025-04-01 20:44:33,201 - INFO - huawei 评分 vs 价格散点图已保存
2025-04-01 20:44:33,356 - INFO - huawei 评分分布图已保存
2025-04-01 20:44:33,491 - INFO - huawei 评论数与评分散点图已保存
2025-04-01 20:57:59,769 - INFO - huawei 价格分布图已保存
2025-04-01 20:57:59,909 - INFO - huawei 评分 vs 价格散点图已保存
2025-04-01 20:58:00,060 - INFO - huawei 评分分布图已保存
2025-04-01 20:58:00,197 - INFO - huawei 评论数与评分散点图已保存
2025-04-01 21:07:36,608 - INFO - beer 价格分布图已保存
2025-04-01 21:07:36,697 - INFO - beer 评分 vs 价格散点图已保存
2025-04-01 21:07:36,801 - INFO - beer 评分分布图已保存
2025-04-01 21:07:36,899 - INFO - beer 评论数与评分散点图已保存
2025-04-01 21:15:09,379 - INFO - beer 价格分布图已保存
2025-04-01 21:15:09,477 - INFO - beer 评分 vs 价格散点图已保存
2025-04-01 21:15:09,574 - INFO - beer 评分分布图已保存
2025-04-01 21:15:09,664 - INFO - beer 评论数与评分散点图已保存
2025-04-01 21:16:03,003 - INFO - beer 价格分布图已保存
2025-04-01 21:16:03,101 - INFO - beer 评分 vs 价格散点图已保存
2025-04-01 21:16:03,205 - INFO - beer 评分分布图已保存
2025-04-01 21:16:03,302 - INFO - beer 评论数与评分散点图已保存
2025-04-01 21:32:35,916 - INFO - huawei 价格分布图已保存
2025-04-01 21:32:36,008 - INFO - huawei 评分 vs 价格散点图已保存
2025-04-01 21:32:36,110 - INFO - huawei 评分分布图已保存
2025-04-01 21:32:36,201 - INFO - huawei 评论数与评分散点图已保存
2025-04-01 21:35:08,954 - INFO - huawei 价格分布图已保存
2025-04-01 21:35:09,044 - INFO - huawei 评分 vs 价格散点图已保存
2025-04-01 21:35:09,148 - INFO - huawei 评分分布图已保存
2025-04-01 21:35:09,239 - INFO - huawei 评论数与评分散点图已保存
2025-04-01 21:56:18,231 - ERROR - 从表 iphone 读取数据失败: (pymysql.err.ProgrammingError) (1146, "Table 'amazon_data.iphone' doesn't exist")
[SQL: SELECT * FROM iphone]
(Background on this error at: https://sqlalche.me/e/20/f405)
2025-04-01 21:57:18,336 - ERROR - 从表 iphone 读取数据失败: (pymysql.err.ProgrammingError) (1146, "Table 'amazon_data.iphone' doesn't exist")
[SQL: SELECT * FROM iphone]
(Background on this error at: https://sqlalche.me/e/20/f405)
2025-04-01 22:21:02,524 - INFO - IPhone 价格分布图已保存
2025-04-01 22:21:02,608 - INFO - IPhone 评分 vs 价格散点图已保存
2025-04-01 22:21:02,705 - INFO - IPhone 评分分布图已保存
2025-04-01 22:21:02,796 - INFO - IPhone 评论数与评分散点图已保存
2025-04-02 09:42:54,263 - INFO - beer 价格分布图已保存
2025-04-02 09:42:54,346 - INFO - beer 评分 vs 价格散点图已保存
2025-04-02 09:42:54,437 - INFO - beer 评分分布图已保存
2025-04-02 09:42:54,514 - INFO - beer 评论数与评分散点图已保存
2025-04-02 10:20:42,112 - INFO - beer 价格分布图已保存
2025-04-02 10:20:42,236 - INFO - beer 评分 vs 价格散点图已保存
2025-04-02 10:20:42,369 - INFO - beer 评分分布图已保存
2025-04-02 10:20:42,491 - INFO - beer 评论数与评分散点图已保存
2025-04-02 10:27:31,904 - INFO - bear 价格分布图已保存
2025-04-02 10:27:31,995 - INFO - bear 评分 vs 价格散点图已保存
2025-04-02 10:27:32,084 - INFO - bear 评分分布图已保存
2025-04-02 10:27:32,168 - INFO - bear 评论数与评分散点图已保存
2025-04-08 09:29:48,833 - INFO - coffee 价格分布图已保存
2025-04-08 09:29:48,916 - INFO - coffee 评分 vs 价格散点图已保存
2025-04-08 09:29:49,013 - INFO - coffee 评分分布图已保存
2025-04-08 09:29:49,103 - INFO - coffee 评论数与评分散点图已保存
2025-04-08 09:48:52,822 - INFO - beer 价格分布图已保存
2025-04-08 09:48:52,912 - INFO - beer 评分 vs 价格散点图已保存
2025-04-08 09:48:53,001 - INFO - beer 评分分布图已保存
2025-04-08 09:48:53,082 - INFO - beer 评论数与评分散点图已保存
